C51 COMPILER V9.52.0.0   DELAY                                                             08/31/2023 16:34:34 PAGE 1   


C51 COMPILER V9.52.0.0, COMPILATION OF MODULE DELAY
OBJECT MODULE PLACED IN .\Delay.obj
COMPILER INVOKED BY: C:\Keil\C51\BIN\C51.EXE ..\Lib\Delay.c BROWSE DEBUG OBJECTEXTEND PRINT(.\Delay.lst) TABS(2) OBJECT(
                    -.\Delay.obj)

line level    source

   1          #include"Delay.h"
   2          
   3          void Delay_ms(unsigned int t){
   4   1           unsigned int x,y;
   5   1           for(x = 0;x<t;x++){
   6   2               for(y=0;y<123;y++);
   7   2           }
   8   1      }
   9          


MODULE INFORMATION:   STATIC OVERLAYABLE
   CODE SIZE        =     32    ----
   CONSTANT SIZE    =   ----    ----
   XDATA SIZE       =   ----    ----
   PDATA SIZE       =   ----    ----
   DATA SIZE        =   ----    ----
   IDATA SIZE       =   ----    ----
   BIT SIZE         =   ----    ----
END OF MODULE INFORMATION.


C51 COMPILATION COMPLETE.  0 WARNING(S),  0 ERROR(S)
