C51 COMPILER V9.52.0.0   MAIN                                                              08/31/2023 16:34:34 PAGE 1   


C51 COMPILER V9.52.0.0, COMPILATION OF MODULE MAIN
OBJECT MODULE PLACED IN main.OBJ
COMPILER INVOKED BY: C:\Keil\C51\BIN\C51.EXE main.c BROWSE DEBUG OBJECTEXTEND TABS(2)

line level    source

   1          #include<regx52.h>
   2          #include"..\Lib\Delay.h"
   3          // Mang chua ma cua led 7 doan anode chung va dc luu trong bo nho code
   4          unsigned char code Code7Seg[] = {0xC0, 0xF9, 0xA4, 0xB0, 0x99, 0x92, 0x82, 0xF8, 0x80, 0x90};
   5          //Khai bao ket noi
   6          
   7          sbit DEN_DO = P0^0;
   8          sbit DEN_VANG = P0^1;
   9          sbit DEN_XANH = P0^2;
  10          
  11          #define LED_CHUC P2
  12          #define LED_DVI P3
  13          
  14          void main(){
  15   1           signed char i;
  16   1           while(1){
  17   2             // Den do
  18   2             DEN_DO = 0;    // Bat den do
  19   2             DEN_VANG = 1;  // Tat den vang
  20   2             DEN_XANH = 1;  // Tat den xanh
  21   2             for(i = 20;i>=0;i--){
  22   3                 LED_CHUC = Code7Seg[i/10];
  23   3                 LED_DVI  = Code7Seg[i%10];
  24   3                 Delay_ms(1000);
  25   3             }
  26   2             
  27   2             // Den xanh
  28   2             DEN_DO = 1;    // Tat den do
  29   2             DEN_VANG = 1;  // Tat den vang
  30   2             DEN_XANH = 0;  // Bat den xanh
  31   2             for(i = 15;i>=0;i--){
  32   3                 LED_CHUC = Code7Seg[i/10];
  33   3                 LED_DVI  = Code7Seg[i%10];
  34   3                 Delay_ms(1000);
  35   3             }
  36   2             
  37   2             // Den vang
  38   2             DEN_DO = 1;    // Tat den do
  39   2             DEN_VANG = 0;  // Bat den vang
  40   2             DEN_XANH = 1;  // Tat den xanh
  41   2             for(i = 3;i>=0;i--){
  42   3                 LED_CHUC = Code7Seg[i/10];
  43   3                 LED_DVI  = Code7Seg[i%10];
  44   3                 Delay_ms(1000);
  45   3             }
  46   2           }
  47   1           
  48   1      }


MODULE INFORMATION:   STATIC OVERLAYABLE
   CODE SIZE        =    254    ----
   CONSTANT SIZE    =     10    ----
   XDATA SIZE       =   ----    ----
   PDATA SIZE       =   ----    ----
C51 COMPILER V9.52.0.0   MAIN                                                              08/31/2023 16:34:34 PAGE 2   

   DATA SIZE        =   ----       1
   IDATA SIZE       =   ----    ----
   BIT SIZE         =   ----    ----
END OF MODULE INFORMATION.


C51 COMPILATION COMPLETE.  0 WARNING(S),  0 ERROR(S)
